<?xml version="1.0" encoding="UTF-8"?>
<testsuite xmlns:xsi="http://www.w3.org/2001/XMLSchema-instance" xsi:noNamespaceSchemaLocation="https://maven.apache.org/surefire/maven-surefire-plugin/xsd/surefire-test-report-3.0.xsd" version="3.0" name="hellocucumber.RunCucumberTest" time="0.322" tests="7" errors="0" skipped="0" failures="0">
  <properties>
[...]
</properties>
  <testcase name="Example #1.1" classname="Examples" time="0.076">
    <system-out><![CDATA[
Scenario Outline: Creating an empty order  &amp#27;[90m# hellocucumber/cocktail.feature:12&amp#27;[0m
  &amp#27;[32mGiven &amp#27;[0m&amp#27;[32m&amp#27;[0m&amp#27;[32m&amp#27;[1m"Romeo"&amp#27;[0m&amp#27;[32m who wants to buy a drink&amp#27;[0m   &amp#27;[90m# hellocucumber.StepDefinitions.romeo_who_wants_to_buy_drinks(java.lang.String)&amp#27;[0m
  &amp#27;[32mWhen &amp#27;[0m&amp#27;[32man order is declared for &amp#27;[0m&amp#27;[32m&amp#27;[1m"Juliette"&amp#27;[0m &amp#27;[90m# hellocucumber.StepDefinitions.an_order_is_declared_for_juliette(java.lang.String)&amp#27;[0m
  &amp#27;[32mThen &amp#27;[0m&amp#27;[32mthere is &amp#27;[0m&amp#27;[32m&amp#27;[1m0&amp#27;[0m&amp#27;[32m cocktails in the order&amp#27;[0m   &amp#27;[90m# hellocucumber.StepDefinitions.thereIsNbCocktailsCocktailsInTheOrder(int)&amp#27;[0m
]]></system-out>
  </testcase>
  <testcase name="Example #1.1" classname="Examples" time="0.014">
    <system-out><![CDATA[
Scenario Outline: Sending a message with an order                &amp#27;[90m# hellocucumber/cocktail.feature:23&amp#27;[0m
  &amp#27;[32mGiven &amp#27;[0m&amp#27;[32m&amp#27;[0m&amp#27;[32m&amp#27;[1m"Romeo"&amp#27;[0m&amp#27;[32m who wants to buy a drink&amp#27;[0m                         &amp#27;[90m# hellocucumber.StepDefinitions.romeo_who_wants_to_buy_drinks(java.lang.String)&amp#27;[0m
  &amp#27;[32mWhen &amp#27;[0m&amp#27;[32man order is declared for &amp#27;[0m&amp#27;[32m&amp#27;[1m"Juliette"&amp#27;[0m                       &amp#27;[90m# hellocucumber.StepDefinitions.an_order_is_declared_for_juliette(java.lang.String)&amp#27;[0m
  &amp#27;[32mAnd &amp#27;[0m&amp#27;[32ma message saying &amp#27;[0m&amp#27;[32m&amp#27;[1m"Wanna chat?"&amp#27;[0m&amp#27;[32m is added&amp#27;[0m                    &amp#27;[90m# hellocucumber.StepDefinitions.a_message_saying_is_added(java.lang.String)&amp#27;[0m
  &amp#27;[32mThen &amp#27;[0m&amp#27;[32mthe ticket must say &amp#27;[0m&amp#27;[32m&amp#27;[1m"From Romeo to Juliette: Wanna chat?"&amp#27;[0m &amp#27;[90m# hellocucumber.StepDefinitions.the_ticket_must_say(java.lang.String)&amp#27;[0m
]]></system-out>
  </testcase>
  <testcase name="Example #1.1" classname="Examples" time="0.012">
    <system-out><![CDATA[
Scenario Outline: Today is or is not Friday &amp#27;[90m# hellocucumber/is_it_friday_yet.feature:11&amp#27;[0m
  &amp#27;[32mGiven &amp#27;[0m&amp#27;[32mtoday is &amp#27;[0m&amp#27;[32m&amp#27;[1m"Friday"&amp#27;[0m                   &amp#27;[90m# hellocucumber.IsItFriday.today_is(java.lang.String)&amp#27;[0m
  &amp#27;[32mWhen &amp#27;[0m&amp#27;[32mI ask whether it's Friday yet&amp#27;[0m        &amp#27;[90m# hellocucumber.IsItFriday.i_ask_whether_it_s_Friday_yet()&amp#27;[0m
  &amp#27;[32mThen &amp#27;[0m&amp#27;[32mI should be told &amp#27;[0m&amp#27;[32m&amp#27;[1m"TGIF"&amp#27;[0m              &amp#27;[90m# hellocucumber.IsItFriday.i_should_be_told(java.lang.String)&amp#27;[0m
]]></system-out>
  </testcase>
  <testcase name="Example #1.2" classname="Examples" time="0.012">
    <system-out><![CDATA[
Scenario Outline: Creating an empty order &amp#27;[90m# hellocucumber/cocktail.feature:13&amp#27;[0m
  &amp#27;[32mGiven &amp#27;[0m&amp#27;[32m&amp#27;[0m&amp#27;[32m&amp#27;[1m"Tom"&amp#27;[0m&amp#27;[32m who wants to buy a drink&amp#27;[0m    &amp#27;[90m# hellocucumber.StepDefinitions.romeo_who_wants_to_buy_drinks(java.lang.String)&amp#27;[0m
  &amp#27;[32mWhen &amp#27;[0m&amp#27;[32man order is declared for &amp#27;[0m&amp#27;[32m&amp#27;[1m"Jerry"&amp#27;[0m   &amp#27;[90m# hellocucumber.StepDefinitions.an_order_is_declared_for_juliette(java.lang.String)&amp#27;[0m
  &amp#27;[32mThen &amp#27;[0m&amp#27;[32mthere is &amp#27;[0m&amp#27;[32m&amp#27;[1m0&amp#27;[0m&amp#27;[32m cocktails in the order&amp#27;[0m  &amp#27;[90m# hellocucumber.StepDefinitions.thereIsNbCocktailsCocktailsInTheOrder(int)&amp#27;[0m
]]></system-out>
  </testcase>
  <testcase name="Example #1.2" classname="Examples" time="0.015">
    <system-out><![CDATA[
Scenario Outline: Sending a message with an order    &amp#27;[90m# hellocucumber/cocktail.feature:24&amp#27;[0m
  &amp#27;[32mGiven &amp#27;[0m&amp#27;[32m&amp#27;[0m&amp#27;[32m&amp#27;[1m"Tom"&amp#27;[0m&amp#27;[32m who wants to buy a drink&amp#27;[0m               &amp#27;[90m# hellocucumber.StepDefinitions.romeo_who_wants_to_buy_drinks(java.lang.String)&amp#27;[0m
  &amp#27;[32mWhen &amp#27;[0m&amp#27;[32man order is declared for &amp#27;[0m&amp#27;[32m&amp#27;[1m"Jerry"&amp#27;[0m              &amp#27;[90m# hellocucumber.StepDefinitions.an_order_is_declared_for_juliette(java.lang.String)&amp#27;[0m
  &amp#27;[32mAnd &amp#27;[0m&amp#27;[32ma message saying &amp#27;[0m&amp#27;[32m&amp#27;[1m"Hei!"&amp#27;[0m&amp#27;[32m is added&amp#27;[0m               &amp#27;[90m# hellocucumber.StepDefinitions.a_message_saying_is_added(java.lang.String)&amp#27;[0m
  &amp#27;[32mThen &amp#27;[0m&amp#27;[32mthe ticket must say &amp#27;[0m&amp#27;[32m&amp#27;[1m"From Tom to Jerry: Hei!"&amp#27;[0m &amp#27;[90m# hellocucumber.StepDefinitions.the_ticket_must_say(java.lang.String)&amp#27;[0m
]]></system-out>
  </testcase>
  <testcase name="Example #1.2" classname="Examples" time="0.011">
    <system-out><![CDATA[
Scenario Outline: Today is or is not Friday &amp#27;[90m# hellocucumber/is_it_friday_yet.feature:12&amp#27;[0m
  &amp#27;[32mGiven &amp#27;[0m&amp#27;[32mtoday is &amp#27;[0m&amp#27;[32m&amp#27;[1m"Sunday"&amp#27;[0m                   &amp#27;[90m# hellocucumber.IsItFriday.today_is(java.lang.String)&amp#27;[0m
  &amp#27;[32mWhen &amp#27;[0m&amp#27;[32mI ask whether it's Friday yet&amp#27;[0m        &amp#27;[90m# hellocucumber.IsItFriday.i_ask_whether_it_s_Friday_yet()&amp#27;[0m
  &amp#27;[32mThen &amp#27;[0m&amp#27;[32mI should be told &amp#27;[0m&amp#27;[32m&amp#27;[1m"Nope"&amp#27;[0m              &amp#27;[90m# hellocucumber.IsItFriday.i_should_be_told(java.lang.String)&amp#27;[0m
]]></system-out>
  </testcase>
  <testcase name="Example #1.3" classname="Examples" time="0.011">
    <system-out><![CDATA[
Scenario Outline: Today is or is not Friday &amp#27;[90m# hellocucumber/is_it_friday_yet.feature:13&amp#27;[0m
  &amp#27;[32mGiven &amp#27;[0m&amp#27;[32mtoday is &amp#27;[0m&amp#27;[32m&amp#27;[1m"anything else!"&amp#27;[0m           &amp#27;[90m# hellocucumber.IsItFriday.today_is(java.lang.String)&amp#27;[0m
  &amp#27;[32mWhen &amp#27;[0m&amp#27;[32mI ask whether it's Friday yet&amp#27;[0m        &amp#27;[90m# hellocucumber.IsItFriday.i_ask_whether_it_s_Friday_yet()&amp#27;[0m
  &amp#27;[32mThen &amp#27;[0m&amp#27;[32mI should be told &amp#27;[0m&amp#27;[32m&amp#27;[1m"Nope"&amp#27;[0m              &amp#27;[90m# hellocucumber.IsItFriday.i_should_be_told(java.lang.String)&amp#27;[0m
]]></system-out>
  </testcase>
</testsuite>